[1.125s] DEBUG:colcon:Command line arguments: ['/usr/bin/colcon', 'build']
[1.125s] DEBUG:colcon:Parsed command line arguments: Namespace(allow_overriding=[], ament_cmake_args=None, base_paths=['.'], build_base='build', catkin_cmake_args=None, catkin_skip_building_tests=False, cmake_args=None, cmake_clean_cache=False, cmake_clean_first=False, cmake_force_configure=False, cmake_target=None, cmake_target_skip_unavailable=False, continue_on_error=False, event_handlers=None, executor='parallel', ignore_user_meta=False, install_base='install', log_base=None, log_level=None, main=<bound method BuildVerb.main of <colcon_core.verb.build.BuildVerb object at 0xffffb6d271c0>>, merge_install=False, metas=['./colcon.meta'], packages_above=None, packages_above_and_dependencies=None, packages_above_depth=None, packages_end=None, packages_ignore=None, packages_ignore_regex=None, packages_select=None, packages_select_build_failed=False, packages_select_by_dep=None, packages_select_regex=None, packages_select_test_failures=False, packages_skip=None, packages_skip_build_finished=False, packages_skip_by_dep=None, packages_skip_regex=None, packages_skip_test_passed=False, packages_skip_up_to=None, packages_start=None, packages_up_to=None, packages_up_to_regex=None, parallel_workers=4, paths=None, symlink_install=False, test_result_base=None, verb_extension=<colcon_core.verb.build.BuildVerb object at 0xffffb6d271c0>, verb_name='build', verb_parser=<colcon_defaults.argument_parser.defaults.DefaultArgumentsDecorator object at 0xffffb6d27700>)
[1.226s] Level 1:colcon.colcon_core.package_discovery:discover_packages(colcon_meta) check parameters
[1.226s] Level 1:colcon.colcon_core.package_discovery:discover_packages(recursive) check parameters
[1.226s] Level 1:colcon.colcon_core.package_discovery:discover_packages(ignore) check parameters
[1.226s] Level 1:colcon.colcon_core.package_discovery:discover_packages(path) check parameters
[1.226s] Level 1:colcon.colcon_core.package_discovery:discover_packages(colcon_meta) discover
[1.227s] Level 1:colcon.colcon_core.package_discovery:discover_packages(recursive) discover
[1.227s] INFO:colcon.colcon_core.package_discovery:Crawling recursively for packages in '/home/ubuntu/hexapod_ws/src/control/control'
[1.227s] Level 1:colcon.colcon_core.package_identification:_identify(.) by extensions ['ignore', 'ignore_ament_install']
[1.228s] Level 1:colcon.colcon_core.package_identification:_identify(.) by extension 'ignore'
[1.228s] Level 1:colcon.colcon_core.package_identification:_identify(.) by extension 'ignore_ament_install'
[1.228s] Level 1:colcon.colcon_core.package_identification:_identify(.) by extensions ['colcon_pkg']
[1.228s] Level 1:colcon.colcon_core.package_identification:_identify(.) by extension 'colcon_pkg'
[1.228s] Level 1:colcon.colcon_core.package_identification:_identify(.) by extensions ['colcon_meta']
[1.229s] Level 1:colcon.colcon_core.package_identification:_identify(.) by extension 'colcon_meta'
[1.229s] Level 1:colcon.colcon_core.package_identification:_identify(.) by extensions ['ros']
[1.229s] Level 1:colcon.colcon_core.package_identification:_identify(.) by extension 'ros'
[1.303s] Level 1:colcon.colcon_core.package_identification:_identify(.) by extensions ['cmake', 'python']
[1.304s] Level 1:colcon.colcon_core.package_identification:_identify(.) by extension 'cmake'
[1.304s] Level 1:colcon.colcon_core.package_identification:_identify(.) by extension 'python'
[1.304s] Level 1:colcon.colcon_core.package_identification:_identify(.) by extensions ['python_setup_py']
[1.304s] Level 1:colcon.colcon_core.package_identification:_identify(.) by extension 'python_setup_py'
[1.305s] Level 1:colcon.colcon_core.package_identification:_identify(__pycache__) by extensions ['ignore', 'ignore_ament_install']
[1.305s] Level 1:colcon.colcon_core.package_identification:_identify(__pycache__) by extension 'ignore'
[1.305s] Level 1:colcon.colcon_core.package_identification:_identify(__pycache__) by extension 'ignore_ament_install'
[1.305s] Level 1:colcon.colcon_core.package_identification:_identify(__pycache__) by extensions ['colcon_pkg']
[1.305s] Level 1:colcon.colcon_core.package_identification:_identify(__pycache__) by extension 'colcon_pkg'
[1.306s] Level 1:colcon.colcon_core.package_identification:_identify(__pycache__) by extensions ['colcon_meta']
[1.306s] Level 1:colcon.colcon_core.package_identification:_identify(__pycache__) by extension 'colcon_meta'
[1.306s] Level 1:colcon.colcon_core.package_identification:_identify(__pycache__) by extensions ['ros']
[1.306s] Level 1:colcon.colcon_core.package_identification:_identify(__pycache__) by extension 'ros'
[1.306s] Level 1:colcon.colcon_core.package_identification:_identify(__pycache__) by extensions ['cmake', 'python']
[1.306s] Level 1:colcon.colcon_core.package_identification:_identify(__pycache__) by extension 'cmake'
[1.307s] Level 1:colcon.colcon_core.package_identification:_identify(__pycache__) by extension 'python'
[1.307s] Level 1:colcon.colcon_core.package_identification:_identify(__pycache__) by extensions ['python_setup_py']
[1.307s] Level 1:colcon.colcon_core.package_identification:_identify(__pycache__) by extension 'python_setup_py'
[1.307s] Level 1:colcon.colcon_core.package_identification:_identify(build) by extensions ['ignore', 'ignore_ament_install']
[1.308s] Level 1:colcon.colcon_core.package_identification:_identify(build) by extension 'ignore'
[1.308s] Level 1:colcon.colcon_core.package_identification:_identify(build) ignored
[1.308s] Level 1:colcon.colcon_core.package_identification:_identify(install) by extensions ['ignore', 'ignore_ament_install']
[1.308s] Level 1:colcon.colcon_core.package_identification:_identify(install) by extension 'ignore'
[1.309s] Level 1:colcon.colcon_core.package_identification:_identify(install) ignored
[1.309s] Level 1:colcon.colcon_core.package_identification:_identify(log) by extensions ['ignore', 'ignore_ament_install']
[1.309s] Level 1:colcon.colcon_core.package_identification:_identify(log) by extension 'ignore'
[1.309s] Level 1:colcon.colcon_core.package_identification:_identify(log) ignored
[1.309s] Level 1:colcon.colcon_core.package_discovery:discover_packages(recursive) using defaults
[1.310s] Level 1:colcon.colcon_core.package_discovery:discover_packages(ignore) discover
[1.310s] Level 1:colcon.colcon_core.package_discovery:discover_packages(ignore) using defaults
[1.310s] Level 1:colcon.colcon_core.package_discovery:discover_packages(path) discover
[1.310s] Level 1:colcon.colcon_core.package_discovery:discover_packages(path) using defaults
[1.380s] Level 1:colcon.colcon_core.package_discovery:discover_packages(prefix_path) check parameters
[1.380s] Level 1:colcon.colcon_core.package_discovery:discover_packages(prefix_path) discover
[1.386s] WARNING:colcon.colcon_core.prefix_path.colcon:The path '/home/ubuntu/dev_ws/install' in the environment variable COLCON_PREFIX_PATH doesn't exist
[1.387s] WARNING:colcon.colcon_ros.prefix_path.ament:The path '/home/ubuntu/dev_ws/install/learning_urdf' in the environment variable AMENT_PREFIX_PATH doesn't exist
[1.387s] WARNING:colcon.colcon_ros.prefix_path.ament:The path '/home/ubuntu/dev_ws/install/learning_topic' in the environment variable AMENT_PREFIX_PATH doesn't exist
[1.388s] WARNING:colcon.colcon_ros.prefix_path.ament:The path '/home/ubuntu/dev_ws/install/learning_tf' in the environment variable AMENT_PREFIX_PATH doesn't exist
[1.388s] WARNING:colcon.colcon_ros.prefix_path.ament:The path '/home/ubuntu/dev_ws/install/learning_service' in the environment variable AMENT_PREFIX_PATH doesn't exist
[1.389s] WARNING:colcon.colcon_ros.prefix_path.ament:The path '/home/ubuntu/dev_ws/install/learning_qos' in the environment variable AMENT_PREFIX_PATH doesn't exist
[1.389s] WARNING:colcon.colcon_ros.prefix_path.ament:The path '/home/ubuntu/dev_ws/install/learning_pkg_python' in the environment variable AMENT_PREFIX_PATH doesn't exist
[1.389s] WARNING:colcon.colcon_ros.prefix_path.ament:The path '/home/ubuntu/dev_ws/install/learning_pkg_c' in the environment variable AMENT_PREFIX_PATH doesn't exist
[1.390s] WARNING:colcon.colcon_ros.prefix_path.ament:The path '/home/ubuntu/dev_ws/install/learning_parameter' in the environment variable AMENT_PREFIX_PATH doesn't exist
[1.390s] WARNING:colcon.colcon_ros.prefix_path.ament:The path '/home/ubuntu/dev_ws/install/learning_node' in the environment variable AMENT_PREFIX_PATH doesn't exist
[1.391s] WARNING:colcon.colcon_ros.prefix_path.ament:The path '/home/ubuntu/dev_ws/install/learning_launch' in the environment variable AMENT_PREFIX_PATH doesn't exist
[1.391s] WARNING:colcon.colcon_ros.prefix_path.ament:The path '/home/ubuntu/dev_ws/install/learning_action' in the environment variable AMENT_PREFIX_PATH doesn't exist
[1.392s] WARNING:colcon.colcon_ros.prefix_path.ament:The path '/home/ubuntu/dev_ws/install/learning_interface' in the environment variable AMENT_PREFIX_PATH doesn't exist
[1.392s] WARNING:colcon.colcon_ros.prefix_path.ament:The path '/home/ubuntu/dev_ws/install/learning_gazebo' in the environment variable AMENT_PREFIX_PATH doesn't exist
[1.393s] WARNING:colcon.colcon_ros.prefix_path.catkin:The path '/home/ubuntu/dev_ws/install/learning_pkg_c' in the environment variable CMAKE_PREFIX_PATH doesn't exist
[1.393s] WARNING:colcon.colcon_ros.prefix_path.catkin:The path '/home/ubuntu/dev_ws/install/learning_interface' in the environment variable CMAKE_PREFIX_PATH doesn't exist
[1.400s] DEBUG:colcon.colcon_installed_package_information.package_discovery:Found 2 installed packages in /home/ubuntu/hexapod_ws/install
[1.407s] DEBUG:colcon.colcon_installed_package_information.package_discovery:Found 174 installed packages in /opt/ros/foxy
[1.412s] Level 1:colcon.colcon_core.package_discovery:discover_packages(prefix_path) using defaults
[1.588s] INFO:colcon.colcon_core.executor:Executing jobs using 'parallel' executor
[1.601s] DEBUG:colcon.colcon_parallel_executor.executor.parallel:run_until_complete
[1.602s] DEBUG:colcon.colcon_parallel_executor.executor.parallel:closing loop
[1.602s] DEBUG:colcon.colcon_parallel_executor.executor.parallel:loop closed
[1.602s] DEBUG:colcon.colcon_parallel_executor.executor.parallel:run_until_complete finished with '0'
[1.602s] DEBUG:colcon.colcon_core.event_reactor:joining thread
[1.622s] INFO:colcon.colcon_core.plugin_system:Skipping extension 'colcon_notification.desktop_notification.notify_send': Could not find 'notify-send'
[1.622s] INFO:colcon.colcon_core.plugin_system:Skipping extension 'colcon_notification.desktop_notification.terminal_notifier': Not used on non-Darwin systems
[1.623s] INFO:colcon.colcon_core.plugin_system:Skipping extension 'colcon_notification.desktop_notification.win32': Not used on non-Windows systems
[1.623s] INFO:colcon.colcon_notification.desktop_notification:Sending desktop notification using 'notify2'
[1.625s] DEBUG:colcon.colcon_notification.desktop_notification.notify2:Failed to initialize notify2: org.freedesktop.DBus.Error.ServiceUnknown: The name org.freedesktop.Notifications was not provided by any .service files
[1.625s] DEBUG:colcon.colcon_core.event_reactor:joined thread
[1.642s] INFO:colcon.colcon_core.plugin_system:Skipping extension 'colcon_core.shell.bat': Not used on non-Windows systems
[1.643s] INFO:colcon.colcon_core.shell:Creating prefix script '/home/ubuntu/hexapod_ws/src/control/control/install/local_setup.ps1'
[1.646s] INFO:colcon.colcon_core.shell:Creating prefix util module '/home/ubuntu/hexapod_ws/src/control/control/install/_local_setup_util_ps1.py'
[1.650s] INFO:colcon.colcon_core.shell:Creating prefix chain script '/home/ubuntu/hexapod_ws/src/control/control/install/setup.ps1'
[1.656s] INFO:colcon.colcon_core.shell:Creating prefix script '/home/ubuntu/hexapod_ws/src/control/control/install/local_setup.sh'
[1.658s] INFO:colcon.colcon_core.shell:Creating prefix util module '/home/ubuntu/hexapod_ws/src/control/control/install/_local_setup_util_sh.py'
[1.659s] INFO:colcon.colcon_core.shell:Creating prefix chain script '/home/ubuntu/hexapod_ws/src/control/control/install/setup.sh'
[1.665s] INFO:colcon.colcon_core.shell:Creating prefix script '/home/ubuntu/hexapod_ws/src/control/control/install/local_setup.bash'
[1.667s] INFO:colcon.colcon_core.shell:Creating prefix chain script '/home/ubuntu/hexapod_ws/src/control/control/install/setup.bash'
[1.672s] INFO:colcon.colcon_core.shell:Creating prefix script '/home/ubuntu/hexapod_ws/src/control/control/install/local_setup.zsh'
[1.674s] INFO:colcon.colcon_core.shell:Creating prefix chain script '/home/ubuntu/hexapod_ws/src/control/control/install/setup.zsh'
